<?xml version="1.0" encoding="utf-8"?><testsuites name="pytest tests"><testsuite name="pytest" errors="0" failures="0" skipped="0" tests="3" time="0.821" timestamp="2026-09-10T05:12:37.950140+00:00" hostname="agent-env-53715b13-41d0-4b63-a354-bacb3ccc3b05"><testcase classname="tests.backend_test" name="test_api_root_returns_message" time="0.131" /><testcase classname="tests.backend_test" name="test_contact_validation_rejects_short_message" time="0.077" /><testcase classname="tests.backend_test" name="test_contact_create_returns_serializable_payload" time="0.107" /></testsuite></testsuites>