<?xml version="1.0" encoding="utf-8"?><testsuites name="pytest tests"><testsuite name="pytest" errors="0" failures="1" skipped="0" tests="11" time="11.439" timestamp="2026-09-10T06:35:21.523390+00:00" hostname="agent-env-53715b13-41d0-4b63-a354-bacb3ccc3b05"><testcase classname="tests.backend_test" name="test_admin_me" time="0.589" /><testcase classname="tests.backend_test" name="test_teacher_me_and_schedule" time="0.556" /><testcase classname="tests.backend_test" name="test_teacher_forbidden_from_admin_endpoints" time="0.041" /><testcase classname="tests.backend_test" name="test_change_password_flow" time="2.255" /><testcase classname="tests.backend_test" name="test_teacher_credentials_create_and_revoke" time="0.789" /><testcase classname="tests.backend_test" name="test_photo_upload_public_access" time="0.789" /><testcase classname="tests.backend_test" name="test_documents_crud_and_access" time="1.053" /><testcase classname="tests.backend_test" name="test_exports_pdf_excel_archived" time="3.973" /><testcase classname="tests.backend_test" name="test_notify_teachers_skipped" time="0.109" /><testcase classname="tests.backend_test" name="test_department_mode_persistence_and_generate" time="0.296" /><testcase classname="tests.backend_test" name="test_brute_force_lockout" time="0.424"><failure message="AssertionError: Expected final 429, got [422, 422, 422, 422, 422, 422]&#10;assert 422 == 429">backend/tests/backend_test.py:231: in test_brute_force_lockout
    assert codes[-1] == 429, f"Expected final 429, got {codes}"
E   AssertionError: Expected final 429, got [422, 422, 422, 422, 422, 422]
E   assert 422 == 429</failure></testcase></testsuite></testsuites>